2018-04-21 13:56:51,911 [Worker-5] INFO  c.g.t.t.d.PublishedGradleVersions - Gradle version information cache is up-to-date. Trying to read.
2018-04-21 13:57:24,906 [Worker-5] INFO  o.e.m.c.i.l.LifecycleMappingFactory - Using org.eclipse.m2e.jdt.JarLifecycleMapping lifecycle mapping for MavenProject: Rebuild:Rebuild:0.0.2-SNAPSHOT @ G:\OneDrive - ICONS Soluciones Informátcas, S.L\bulbrange\TODO\Rebuild\pom.xml.
2018-04-21 13:57:25,732 [Worker-5] INFO  o.e.m.j.i.AbstractJavaProjectConfigurator - Adding source folder /Rebuild/src
2018-04-21 13:57:25,734 [Worker-5] INFO  o.e.m.j.i.AbstractJavaProjectConfigurator - Resources folder /Rebuild/src overlaps with sources folder /Rebuild/src
2018-04-21 13:57:25,735 [Worker-5] INFO  o.e.m.j.i.AbstractJavaProjectConfigurator - Adding resource folder /Rebuild/img
2018-04-21 13:57:25,736 [Worker-5] INFO  o.e.m.j.i.AbstractJavaProjectConfigurator - Adding resource folder /Rebuild/libs
2018-04-21 13:57:25,736 [Worker-5] INFO  o.e.m.j.i.AbstractJavaProjectConfigurator - Not adding source folder /Rebuild/src/test/java because it overlaps with /Rebuild/src
2018-04-21 13:57:25,877 [Worker-5] INFO  o.e.m.c.i.p.ProjectConfigurationManager - Imported and configured 1 project(s) in 3 sec
2018-04-21 13:57:27,155 [Worker-10] WARN  o.e.m.c.i.embedder.EclipseLogger - Using platform encoding (Cp1252 actually) to copy filtered resources, i.e. build is platform dependent!
2018-04-21 13:57:27,174 [Worker-10] INFO  o.e.m.c.i.embedder.EclipseLogger - Copying 18 resources
2018-04-21 13:57:27,190 [Worker-10] INFO  o.e.m.c.i.embedder.EclipseLogger - Copying 5 resources
2018-04-21 13:57:27,237 [Worker-10] INFO  o.e.m.c.i.embedder.EclipseLogger - Copying 1 resource
2018-04-21 13:57:27,255 [Worker-10] WARN  o.e.m.c.i.embedder.EclipseLogger - Using platform encoding (Cp1252 actually) to copy filtered resources, i.e. build is platform dependent!
2018-04-21 13:57:27,262 [Worker-10] INFO  o.e.m.c.i.embedder.EclipseLogger - skip non existing resourceDirectory G:\OneDrive - ICONS Soluciones Informátcas, S.L\bulbrange\TODO\Rebuild\src\test\resources
2018-04-21 13:58:32,067 [Worker-1] INFO  c.g.t.t.d.PublishedGradleVersions - Gradle version information cache is up-to-date. Trying to read.
2018-04-21 13:58:38,395 [Worker-4] WARN  o.e.m.c.i.embedder.EclipseLogger - Using platform encoding (Cp1252 actually) to copy filtered resources, i.e. build is platform dependent!
2018-04-21 13:58:38,467 [Worker-4] INFO  o.e.m.c.i.embedder.EclipseLogger - Copying 18 resources
2018-04-21 13:58:38,483 [Worker-4] INFO  o.e.m.c.i.embedder.EclipseLogger - Copying 5 resources
2018-04-21 13:58:38,534 [Worker-4] INFO  o.e.m.c.i.embedder.EclipseLogger - Copying 1 resource
2018-04-21 13:58:38,557 [Worker-4] WARN  o.e.m.c.i.embedder.EclipseLogger - Using platform encoding (Cp1252 actually) to copy filtered resources, i.e. build is platform dependent!
2018-04-21 13:58:38,563 [Worker-4] INFO  o.e.m.c.i.embedder.EclipseLogger - skip non existing resourceDirectory G:\OneDrive - ICONS Soluciones Informátcas, S.L\bulbrange\TODO\Rebuild\src\test\resources
2018-04-21 14:00:41,269 [Worker-14] WARN  o.e.m.c.i.embedder.EclipseLogger - Using platform encoding (Cp1252 actually) to copy filtered resources, i.e. build is platform dependent!
2018-04-21 14:00:41,292 [Worker-14] INFO  o.e.m.c.i.embedder.EclipseLogger - Copying 18 resources
2018-04-21 14:00:41,297 [Worker-14] INFO  o.e.m.c.i.embedder.EclipseLogger - Copying 5 resources
2018-04-21 14:00:41,300 [Worker-14] INFO  o.e.m.c.i.embedder.EclipseLogger - Copying 1 resource
2018-04-21 14:00:41,303 [Worker-14] WARN  o.e.m.c.i.embedder.EclipseLogger - Using platform encoding (Cp1252 actually) to copy filtered resources, i.e. build is platform dependent!
2018-04-21 14:00:41,309 [Worker-14] INFO  o.e.m.c.i.embedder.EclipseLogger - skip non existing resourceDirectory G:\OneDrive - ICONS Soluciones Informátcas, S.L\bulbrange\TODO\Rebuild\src\test\resources
2018-04-21 14:00:45,144 [Worker-1] WARN  o.e.m.c.i.embedder.EclipseLogger - Using platform encoding (Cp1252 actually) to copy filtered resources, i.e. build is platform dependent!
2018-04-21 14:00:45,154 [Worker-1] INFO  o.e.m.c.i.embedder.EclipseLogger - Copying 18 resources
2018-04-21 14:00:45,157 [Worker-1] INFO  o.e.m.c.i.embedder.EclipseLogger - Copying 5 resources
2018-04-21 14:00:45,159 [Worker-1] INFO  o.e.m.c.i.embedder.EclipseLogger - Copying 1 resource
2018-04-21 14:00:45,162 [Worker-1] WARN  o.e.m.c.i.embedder.EclipseLogger - Using platform encoding (Cp1252 actually) to copy filtered resources, i.e. build is platform dependent!
2018-04-21 14:00:45,169 [Worker-1] INFO  o.e.m.c.i.embedder.EclipseLogger - skip non existing resourceDirectory G:\OneDrive - ICONS Soluciones Informátcas, S.L\bulbrange\TODO\Rebuild\src\test\resources
2018-04-21 14:00:50,095 [Worker-22] WARN  o.e.m.c.i.embedder.EclipseLogger - Using platform encoding (Cp1252 actually) to copy filtered resources, i.e. build is platform dependent!
2018-04-21 14:00:50,104 [Worker-22] INFO  o.e.m.c.i.embedder.EclipseLogger - Copying 18 resources
2018-04-21 14:00:50,106 [Worker-22] INFO  o.e.m.c.i.embedder.EclipseLogger - Copying 5 resources
2018-04-21 14:00:50,108 [Worker-22] INFO  o.e.m.c.i.embedder.EclipseLogger - Copying 1 resource
2018-04-21 14:00:50,110 [Worker-22] WARN  o.e.m.c.i.embedder.EclipseLogger - Using platform encoding (Cp1252 actually) to copy filtered resources, i.e. build is platform dependent!
2018-04-21 14:00:50,119 [Worker-22] INFO  o.e.m.c.i.embedder.EclipseLogger - skip non existing resourceDirectory G:\OneDrive - ICONS Soluciones Informátcas, S.L\bulbrange\TODO\Rebuild\src\test\resources
2018-04-21 14:00:52,831 [Worker-14] WARN  o.e.m.c.i.embedder.EclipseLogger - Using platform encoding (Cp1252 actually) to copy filtered resources, i.e. build is platform dependent!
2018-04-21 14:00:52,846 [Worker-14] INFO  o.e.m.c.i.embedder.EclipseLogger - Copying 18 resources
2018-04-21 14:00:52,850 [Worker-14] INFO  o.e.m.c.i.embedder.EclipseLogger - Copying 5 resources
2018-04-21 14:00:52,852 [Worker-14] INFO  o.e.m.c.i.embedder.EclipseLogger - Copying 1 resource
2018-04-21 14:00:52,854 [Worker-14] WARN  o.e.m.c.i.embedder.EclipseLogger - Using platform encoding (Cp1252 actually) to copy filtered resources, i.e. build is platform dependent!
2018-04-21 14:00:52,865 [Worker-14] INFO  o.e.m.c.i.embedder.EclipseLogger - skip non existing resourceDirectory G:\OneDrive - ICONS Soluciones Informátcas, S.L\bulbrange\TODO\Rebuild\src\test\resources
